1549743903.607380 client started (16265): version 2.8, socket /tmp/tmux-0/default, protocol 8
1549743903.607871 on Linux 4.18.0-kali2-amd64 #1 SMP Debian 4.18.10-2kali1 (2018-10-09); libevent 2.1.8-stable (poll)
1549743903.608080 socket is /tmp/tmux-0/default
1549743903.608569 trying connect
1549743903.608797 add peer 0x55f0f6db0eb0: 6 ((nil))
1549743903.612842 sending message 100 to peer 0x55f0f6db0eb0 (4 bytes)
1549743903.612983 sending message 101 to peer 0x55f0f6db0eb0 (6 bytes)
1549743903.613086 sending message 102 to peer 0x55f0f6db0eb0 (12 bytes)
1549743903.613127 sending message 108 to peer 0x55f0f6db0eb0 (37 bytes)
1549743903.613323 sending message 104 to peer 0x55f0f6db0eb0 (0 bytes)
1549743903.613361 sending message 107 to peer 0x55f0f6db0eb0 (4 bytes)
1549743903.613445 sending message 105 to peer 0x55f0f6db0eb0 (23 bytes)
1549743903.613480 sending message 105 to peer 0x55f0f6db0eb0 (11 bytes)
1549743903.614190 sending message 105 to peer 0x55f0f6db0eb0 (17 bytes)
1549743903.614319 sending message 105 to peer 0x55f0f6db0eb0 (21 bytes)
1549743903.614449 sending message 105 to peer 0x55f0f6db0eb0 (13 bytes)
1549743903.614570 sending message 105 to peer 0x55f0f6db0eb0 (20 bytes)
1549743903.614651 sending message 105 to peer 0x55f0f6db0eb0 (52 bytes)
1549743903.614758 sending message 105 to peer 0x55f0f6db0eb0 (130 bytes)
1549743903.614879 sending message 105 to peer 0x55f0f6db0eb0 (41 bytes)
1549743903.614998 sending message 105 to peer 0x55f0f6db0eb0 (19 bytes)
1549743903.615106 sending message 105 to peer 0x55f0f6db0eb0 (8 bytes)
1549743903.615206 sending message 105 to peer 0x55f0f6db0eb0 (46 bytes)
1549743903.615332 sending message 105 to peer 0x55f0f6db0eb0 (29 bytes)
1549743903.615460 sending message 105 to peer 0x55f0f6db0eb0 (43 bytes)
1549743903.615563 sending message 105 to peer 0x55f0f6db0eb0 (19 bytes)
1549743903.615655 sending message 105 to peer 0x55f0f6db0eb0 (11 bytes)
1549743903.615735 sending message 105 to peer 0x55f0f6db0eb0 (32 bytes)
1549743903.615869 sending message 105 to peer 0x55f0f6db0eb0 (14 bytes)
1549743903.615996 sending message 105 to peer 0x55f0f6db0eb0 (10 bytes)
1549743903.616094 sending message 105 to peer 0x55f0f6db0eb0 (16 bytes)
1549743903.616197 sending message 105 to peer 0x55f0f6db0eb0 (21 bytes)
1549743903.616299 sending message 105 to peer 0x55f0f6db0eb0 (11 bytes)
1549743903.616466 sending message 105 to peer 0x55f0f6db0eb0 (8 bytes)
1549743903.616507 sending message 105 to peer 0x55f0f6db0eb0 (32 bytes)
1549743903.616608 sending message 105 to peer 0x55f0f6db0eb0 (1506 bytes)
1549743903.616767 sending message 105 to peer 0x55f0f6db0eb0 (65 bytes)
1549743903.616854 sending message 105 to peer 0x55f0f6db0eb0 (60 bytes)
1549743903.616898 sending message 106 to peer 0x55f0f6db0eb0 (0 bytes)
1549743903.616939 sending message 200 to peer 0x55f0f6db0eb0 (4 bytes)
1549743903.616993 client loop enter
1549743903.629236 peer 0x55f0f6db0eb0 message 211
1549743903.629384 client_write: sessions should be nested with care, unset $TMUX to force\n
1549743903.629520 peer 0x55f0f6db0eb0 message 203
1549743903.629806 client loop exit
